Notify: search current JDK in Windows registry at(SOFTWARE\JavaSoft\Java Development Kit)	[MsgId: MMSG-22198]	[MsgId: MMSG-22986]
Notify: JDK found at C:/Program Files/Java/jdk1.8.0_144	[MsgId: MMSG-22194]	[MsgId: MMSG-22986]
Start auto log messages stack - Iteration 1.	[MsgId: MMSG-10545]
Starting action Actions.	[MsgId: MMSG-15919]
Actions.java(0): Error: java.lang.AssertionError: expected [ass] but found [a]
    org.testng.Assert.fail(Assert.java:94)
    org.testng.Assert.failNotEquals(Assert.java:494)
    org.testng.Assert.assertEquals(Assert.java:123)
    org.testng.Assert.assertEquals(Assert.java:176)
    org.testng.Assert.assertEquals(Assert.java:186)
    SingletonProjectGetTest.testGet(SingletonProjectGetTest.java:15)
    Actions.getTest(Actions.java:31)
    Actions.action(Actions.java:22)
    sun.reflect.NativeMethodAccessorImpl.invoke0(Native Method)
    sun.reflect.NativeMethodAccessorImpl.invoke(NativeMethodAccessorImpl.java:62)
    sun.reflect.DelegatingMethodAccessorImpl.invoke(DelegatingMethodAccessorImpl.java:43)
    java.lang.reflect.Method.invoke(Method.java:498)
    com.hpe.lr.java.replay.ScriptContainer.invoke(ScriptContainer.java:68)
    com.hpe.lr.java.replay.ScriptContainer.action(ScriptContainer.java:59)	[MsgId: MERR-22986]
End auto log messages stack.	[MsgId: MMSG-10544]


